<?xml version="1.0" encoding="UTF-8"?>
<!-- Generated by org.testng.reporters.JUnitXMLReporter -->
<testsuite ignored="0" hostname="LAPTOP-2EUUN60H" failures="0" tests="7" name="Insecured Loan" time="0.085" errors="0" timestamp="2023-12-19T21:08:27 IST">
  <testcase classname="test.PersonalLoan" name="mobilePersonalLoan" time="0.014"/>
  <testcase classname="test.PersonalLoan" name="webPersonalLoan" time="0.001"/>
  <testcase classname="test.CashLoan" name="mobileCashLoan" time="0.001"/>
  <testcase classname="test.CashLoan" name="webCashLoan" time="0.001"/>
  <testcase classname="test.JumboLoan" name="APIJumboLoan" time="0.001"/>
  <testcase classname="test.JumboLoan" name="mobileJumboLoan" time="0.001"/>
  <testcase classname="test.JumboLoan" name="webJumboLaon" time="0.001"/>
</testsuite> <!-- Insecured Loan -->
