<?xml version="1.0" encoding="UTF-8"?>
<!-- Generated by org.testng.reporters.JUnitXMLReporter -->
<testsuite ignored="5" hostname="LAPTOP-2EUUN60H" failures="0" tests="1" name="unsecured Loan" time="0.063" errors="0" timestamp="2023-12-26T20:09:42 IST">
  <testcase classname="test.CashLoan" name="webCashLoan" time="0.014"/>
  <testcase classname="test.CashLoan" name="DeskCashLoan" time="0.0">
    <ignored/>
  </testcase> <!-- DeskCashLoan -->
  <testcase classname="test.CashLoan" name="APICashLoan" time="0.0">
    <ignored/>
  </testcase> <!-- APICashLoan -->
  <testcase classname="test.PersonalLoan" name="mobilePersonalLoan" time="0.0">
    <ignored/>
  </testcase> <!-- mobilePersonalLoan -->
  <testcase classname="test.CashLoan" name="mobileCashLoan" time="0.0">
    <ignored/>
  </testcase> <!-- mobileCashLoan -->
  <testcase classname="test.PersonalLoan" name="webPersonalLoan" time="0.0">
    <ignored/>
  </testcase> <!-- webPersonalLoan -->
</testsuite> <!-- unsecured Loan -->
