<?xml version="1.0" encoding="UTF-8"?>
<!-- Generated by org.testng.reporters.JUnitXMLReporter -->
<testsuite ignored="0" hostname="LAPTOP-2EUUN60H" failures="0" tests="4" name="Default test" time="0.081" errors="0" timestamp="2023-12-26T20:31:46 IST">
  <testcase classname="test.CashLoan" name="APICashLoan" time="0.01"/>
  <testcase classname="test.CashLoan" name="DeskCashLoan" time="0.007"/>
  <testcase classname="test.CashLoan" name="mobileCashLoan" time="0.002"/>
  <testcase classname="test.CashLoan" name="webCashLoan" time="0.002"/>
</testsuite> <!-- Default test -->
