<?xml version="1.0" encoding="UTF-8"?>
<!-- Generated by org.testng.reporters.JUnitXMLReporter -->
<testsuite ignored="3" hostname="LAPTOP-2EUUN60H" failures="0" tests="1" name="Test" time="0.052" errors="0" timestamp="2023-12-27T20:32:28 IST">
  <testcase classname="test.JumboLoan" name="excption" time="0.012"/>
  <testcase classname="test.JumboLoan" name="webJumboLaon" time="0.0">
    <ignored/>
  </testcase> <!-- webJumboLaon -->
  <testcase classname="test.JumboLoan" name="APIJumboLoan" time="0.0">
    <ignored/>
  </testcase> <!-- APIJumboLoan -->
  <testcase classname="test.JumboLoan" name="mobileJumboLoan" time="0.0">
    <ignored/>
  </testcase> <!-- mobileJumboLoan -->
</testsuite> <!-- Test -->
